<?xml version="1.0" encoding="utf-8"?><testsuites><testsuite name="pytest" errors="1" failures="1" skipped="0" tests="1" time="0.307" timestamp="2024-07-08T12:22:20.073664" hostname="FC-LT-016"><testcase classname="testcases.test_homepage.TestLogin" name="test_login" time="0.002"><failure message="AttributeError: 'NoneType' object has no attribute 'maximize_window'">self = &lt;testcases.test_homepage.TestLogin object at 0x00000216B6C40AC0&gt;

    def test_login(self):
        home_page = Homepage(self.driver)
&gt;       home_page.open_page("https://cron.faircent.com/")

testcases\test_homepage.py:18: 
_ _ _ _ _ _ _ _ _ _ _ _ _ _ _ _ _ _ _ _ _ _ _ _ _ _ _ _ _ _ _ _ _ _ _ _ _ _ _ _

self = &lt;pages.home_page.Homepage object at 0x00000216B6C40BB0&gt;
url = 'https://cron.faircent.com/'

    def open_page(self, url):
        print("url", url)
        print("self driver", self.driver)
&gt;       self.driver.maximize_window()
E       AttributeError: 'NoneType' object has no attribute 'maximize_window'

pages\home_page.py:19: AttributeError</failure></testcase><testcase classname="testcases.test_homepage.TestLogin" name="test_login" time="0.000"><error message="failed on teardown with &quot;AttributeError: 'NoneType' object has no attribute 'quit'&quot;">request = &lt;SubRequest 'setup' for &lt;Function test_login&gt;&gt;
browser = '${params.BROWSER}'

    @pytest.fixture(autouse=True, scope="class")
    def setup(request, browser):
        print("rrrrrrrrrrrrrrrr", browser)
        global driver
        if browser == "chrome":
            options = webdriver.ChromeOptions()
            options.add_argument("--start-maximized")  # Optional: maximize browser window
            options.add_argument("--disable-extensions")  # Optional: disable extensions
            driver = webdriver.Chrome(service=ChromeService(ChromeDriverManager().install()), options=options)
    
            print("Chrome launched")
        elif browser == "firefox":
            driver = webdriver.Firefox(service=FirefoxService(GeckoDriverManager().install()))
            print("firefox")
        elif browser == "edge":
            driver = webdriver.Edge(service=EdgeService(EdgeChromiumDriverManager().install()))
            print("lunch edge")
        # #driver.get(url)
        # driver.maximize_window()
        request.cls.driver = driver
        yield
&gt;       driver.quit()
E       AttributeError: 'NoneType' object has no attribute 'quit'

testcases\conftest.py:62: AttributeError</error></testcase></testsuite></testsuites>